Determining if the pthread_create exist failed with the following output:
Change Dir: /home/andrejpan/Documents/gazebo/gazebo_topic/build/CMakeFiles/CMakeTmp

Run Build Command:/usr/bin/make "cmTryCompileExec45787321/fast"
/usr/bin/make -f CMakeFiles/cmTryCompileExec45787321.dir/build.make CMakeFiles/cmTryCompileExec45787321.dir/build
make[1]: Entering directory `/home/andrejpan/Documents/gazebo/gazebo_topic/build/CMakeFiles/CMakeTmp'
/usr/bin/cmake -E cmake_progress_report /home/andrejpan/Documents/gazebo/gazebo_topic/build/CMakeFiles/CMakeTmp/CMakeFiles 1
Building C object CMakeFiles/cmTryCompileExec45787321.dir/CheckSymbolExists.c.o
/usr/bin/cc    -o CMakeFiles/cmTryCompileExec45787321.dir/CheckSymbolExists.c.o   -c /home/andrejpan/Documents/gazebo/gazebo_topic/build/CMakeFiles/CMakeTmp/CheckSymbolExists.c
Linking C executable cmTryCompileExec45787321
/usr/bin/cmake -E cmake_link_script CMakeFiles/cmTryCompileExec45787321.dir/link.txt --verbose=1
/usr/bin/cc       CMakeFiles/cmTryCompileExec45787321.dir/CheckSymbolExists.c.o  -o cmTryCompileExec45787321 -rdynamic 
CMakeFiles/cmTryCompileExec45787321.dir/CheckSymbolExists.c.o: In function `main':
CheckSymbolExists.c:(.text+0x16): undefined reference to `pthread_create'
collect2: error: ld returned 1 exit status
make[1]: *** [cmTryCompileExec45787321] Error 1
make[1]: Leaving directory `/home/andrejpan/Documents/gazebo/gazebo_topic/build/CMakeFiles/CMakeTmp'
make: *** [cmTryCompileExec45787321/fast] Error 2

File /home/andrejpan/Documents/gazebo/gazebo_topic/build/CMakeFiles/CMakeTmp/CheckSymbolExists.c:
/* */
#include <pthread.h>

int main(int argc, char** argv)
{
  (void)argv;
#ifndef pthread_create
  return ((int*)(&pthread_create))[argc];
#else
  (void)argc;
  return 0;
#endif
}

Determining if the function pthread_create exists in the pthreads failed with the following output:
Change Dir: /home/andrejpan/Documents/gazebo/gazebo_topic/build/CMakeFiles/CMakeTmp

Run Build Command:/usr/bin/make "cmTryCompileExec3645302578/fast"
/usr/bin/make -f CMakeFiles/cmTryCompileExec3645302578.dir/build.make CMakeFiles/cmTryCompileExec3645302578.dir/build
make[1]: Entering directory `/home/andrejpan/Documents/gazebo/gazebo_topic/build/CMakeFiles/CMakeTmp'
/usr/bin/cmake -E cmake_progress_report /home/andrejpan/Documents/gazebo/gazebo_topic/build/CMakeFiles/CMakeTmp/CMakeFiles 1
Building C object CMakeFiles/cmTryCompileExec3645302578.dir/CheckFunctionExists.c.o
/usr/bin/cc   -DCHECK_FUNCTION_EXISTS=pthread_create   -o CMakeFiles/cmTryCompileExec3645302578.dir/CheckFunctionExists.c.o   -c /usr/share/cmake-2.8/Modules/CheckFunctionExists.c
Linking C executable cmTryCompileExec3645302578
/usr/bin/cmake -E cmake_link_script CMakeFiles/cmTryCompileExec3645302578.dir/link.txt --verbose=1
/usr/bin/cc   -DCHECK_FUNCTION_EXISTS=pthread_create    CMakeFiles/cmTryCompileExec3645302578.dir/CheckFunctionExists.c.o  -o cmTryCompileExec3645302578 -rdynamic -lpthreads 
/usr/bin/ld: cannot find -lpthreads
collect2: error: ld returned 1 exit status
make[1]: *** [cmTryCompileExec3645302578] Error 1
make[1]: Leaving directory `/home/andrejpan/Documents/gazebo/gazebo_topic/build/CMakeFiles/CMakeTmp'
make: *** [cmTryCompileExec3645302578/fast] Error 2


